<?xml version="1.0" encoding="UTF-8"?>
<testng-results skipped="0" failed="0" ignored="0" total="2" passed="2">
  <reporter-output>
  </reporter-output>
  <suite name="Default suite" duration-ms="43" started-at="2018-07-25T11:18:44Z" finished-at="2018-07-25T11:18:44Z">
    <groups>
    </groups>
    <test name="Default test" duration-ms="43" started-at="2018-07-25T11:18:44Z" finished-at="2018-07-25T11:18:44Z">
      <class name="testng.Dataprovider">
        <test-method status="PASS" signature="login(java.lang.String, java.lang.String)[pri:0, instance:testng.Dataprovider@27a8c74e]" name="login" duration-ms="7" started-at="2018-07-25T11:18:44Z" data-provider="DataProvider Class" finished-at="2018-07-25T11:18:44Z">
          <params>
            <param index="0">
              <value>
                <![CDATA[un1]]>
              </value>
            </param>
            <param index="1">
              <value>
                <![CDATA[pwd1]]>
              </value>
            </param>
          </params>
          <reporter-output>
          </reporter-output>
        </test-method> <!-- login -->
        <test-method status="PASS" signature="login(java.lang.String, java.lang.String)[pri:0, instance:testng.Dataprovider@27a8c74e]" name="login" duration-ms="2" started-at="2018-07-25T11:18:44Z" data-provider="DataProvider Class" finished-at="2018-07-25T11:18:44Z">
          <params>
            <param index="0">
              <value>
                <![CDATA[un2]]>
              </value>
            </param>
            <param index="1">
              <value>
                <![CDATA[pwd2]]>
              </value>
            </param>
          </params>
          <reporter-output>
          </reporter-output>
        </test-method> <!-- login -->
      </class> <!-- testng.Dataprovider -->
    </test> <!-- Default test -->
  </suite> <!-- Default suite -->
</testng-results>
